<?xml version="1.0" encoding="UTF-8"?>
<robot generator="Robot 6.0 (Python 3.11.0 on win32)" generated="20240524 18:58:08.389" rpa="false" schemaversion="3">
<suite id="s1" name="Get Cep" source="C:\QA\ViaCep\Features\get_cep.robot">
<kw name="Conectar a API" library="services" type="SETUP">
<kw name="Create Session" library="RequestsLibrary">
<arg>apiViacep</arg>
<arg>${base_url}</arg>
<doc>Create Session: create a HTTP session to a server</doc>
<msg timestamp="20240524 18:58:09.082" level="INFO">Creating Session using : alias=apiViacep, url=https://viacep.com.br/ws/, headers={},                     cookies={}, auth=None, timeout=None, proxies=None, verify=False,                     debug=0 </msg>
<status status="PASS" starttime="20240524 18:58:09.081" endtime="20240524 18:58:09.082"/>
</kw>
<status status="PASS" starttime="20240524 18:58:09.081" endtime="20240524 18:58:09.082"/>
</kw>
<test id="s1-t1" name="Realizando um GET no VIACEP com sucesso" line="10">
<kw name="Quando consultar o CEP" library="get_cep">
<arg>54759475</arg>
<kw name="Get in" library="services">
<var>${RESPOSTA}</var>
<arg>${CEP}</arg>
<kw name="GET" library="RequestsLibrary">
<var>${response}</var>
<arg>${base_url}${CEP}/json/</arg>
<arg>expected_status=any</arg>
<doc>Sends a GET request.</doc>
<msg timestamp="20240524 18:58:09.384" level="INFO">GET Request : url=https://viacep.com.br/ws/54759475/json/ 
 path_url=/ws/54759475/json/ 
 headers={'User-Agent': 'python-requests/2.32.2', 'Accept-Encoding': 'gzip, deflate', 'Accept': '*/*', 'Connection': 'keep-alive'} 
 body=None 
 </msg>
<msg timestamp="20240524 18:58:09.384" level="INFO">GET Response : url=https://viacep.com.br/ws/54759475/json/ 
 status=200, reason=OK 
 headers={'Server': 'nginx/1.22.0', 'Date': 'Fri, 24 May 2024 21:58:09 GMT', 'Content-Type': 'application/json; charset=utf-8', 'Transfer-Encoding': 'chunked', 'Connection': 'keep-alive', 'Expires': 'Fri, 24 May 2024 22:58:09 GMT', 'Cache-Control': 'max-age=3600, public', 'Pragma': 'public', 'Access-Control-Allow-Origin': '*', 'Access-Control-Allow-Methods': 'GET', 'Access-Control-Allow-Headers': 'Content-Type, X-Request-With, X-Requested-By', 'Access-Control-Allow-Credentials': 'true', 'Access-Control-Max-Age': '86400'} 
 body={
  "cep": "54759-475",
  "logradouro": "Rua Manoel Honorato da Costa",
  "complemento": "",
  "bairro": "Vila da Fábrica",
  "localidade": "Camaragibe",
  "uf": "PE",
  "ibge": "2603454",
  "gia": "",
  "ddd": "81",
  "siafi": "2629"
} 
 </msg>
<msg timestamp="20240524 18:58:09.384" level="INFO">${response} = &lt;Response [200]&gt;</msg>
<status status="PASS" starttime="20240524 18:58:09.084" endtime="20240524 18:58:09.384"/>
</kw>
<msg timestamp="20240524 18:58:09.386" level="INFO">${RESPOSTA} = &lt;Response [200]&gt;</msg>
<status status="PASS" starttime="20240524 18:58:09.084" endtime="20240524 18:58:09.386"/>
</kw>
<kw name="Set Global Variable" library="BuiltIn">
<arg>${RESPOSTA}</arg>
<doc>Makes a variable available globally in all tests and suites.</doc>
<msg timestamp="20240524 18:58:09.386" level="INFO">${RESPOSTA} = &lt;Response [200]&gt;</msg>
<status status="PASS" starttime="20240524 18:58:09.386" endtime="20240524 18:58:09.386"/>
</kw>
<kw name="Log" library="BuiltIn">
<arg>${RESPOSTA}</arg>
<doc>Logs the given message with the given level.</doc>
<msg timestamp="20240524 18:58:09.387" level="INFO">&lt;Response [200]&gt;</msg>
<status status="PASS" starttime="20240524 18:58:09.386" endtime="20240524 18:58:09.387"/>
</kw>
<status status="PASS" starttime="20240524 18:58:09.082" endtime="20240524 18:58:09.387"/>
</kw>
<kw name="Então ira visuazilar o Status Code" library="get_cep">
<arg>200</arg>
<kw name="Should Be Equal As Strings" library="BuiltIn">
<arg>${RESPOSTA.status_code}</arg>
<arg>${statusCode}</arg>
<doc>Fails if objects are unequal after converting them to strings.</doc>
<msg timestamp="20240524 18:58:09.388" level="INFO">Argument types are:
&lt;class 'int'&gt;
&lt;class 'str'&gt;</msg>
<status status="PASS" starttime="20240524 18:58:09.388" endtime="20240524 18:58:09.388"/>
</kw>
<kw name="Log" library="BuiltIn">
<arg>${statusCode}</arg>
<doc>Logs the given message with the given level.</doc>
<msg timestamp="20240524 18:58:09.389" level="INFO">200</msg>
<status status="PASS" starttime="20240524 18:58:09.389" endtime="20240524 18:58:09.389"/>
</kw>
<status status="PASS" starttime="20240524 18:58:09.387" endtime="20240524 18:58:09.389"/>
</kw>
<kw name="E validara o Reason com valor" library="get_cep">
<arg>OK</arg>
<kw name="Should Be Equal As Strings" library="BuiltIn">
<arg>${RESPOSTA.reason}</arg>
<arg>${reason}</arg>
<doc>Fails if objects are unequal after converting them to strings.</doc>
<status status="PASS" starttime="20240524 18:58:09.390" endtime="20240524 18:58:09.390"/>
</kw>
<kw name="Log" library="BuiltIn">
<arg>${reason}</arg>
<doc>Logs the given message with the given level.</doc>
<msg timestamp="20240524 18:58:09.391" level="INFO">OK</msg>
<status status="PASS" starttime="20240524 18:58:09.390" endtime="20240524 18:58:09.391"/>
</kw>
<status status="PASS" starttime="20240524 18:58:09.389" endtime="20240524 18:58:09.391"/>
</kw>
<kw name="E verificar os campos de retorno do cep solicitado" library="get_cep">
<kw name="Set Global Variable" library="BuiltIn">
<arg>${campo}</arg>
<arg>${RESPOSTA.json()}</arg>
<doc>Makes a variable available globally in all tests and suites.</doc>
<msg timestamp="20240524 18:58:09.393" level="INFO">${campo} = {'cep': '54759-475', 'logradouro': 'Rua Manoel Honorato da Costa', 'complemento': '', 'bairro': 'Vila da Fábrica', 'localidade': 'Camaragibe', 'uf': 'PE', 'ibge': '2603454', 'gia': '', 'ddd': '81', 's...</msg>
<status status="PASS" starttime="20240524 18:58:09.391" endtime="20240524 18:58:09.393"/>
</kw>
<kw name="Dictionary Should Contain Key" library="Collections">
<arg>${campo}</arg>
<arg>cep</arg>
<doc>Fails if ``key`` is not found from ``dictionary``.</doc>
<status status="PASS" starttime="20240524 18:58:09.393" endtime="20240524 18:58:09.393"/>
</kw>
<kw name="Dictionary Should Contain Value" library="Collections">
<arg>${campo}</arg>
<arg>54759-475</arg>
<doc>Fails if ``value`` is not found from ``dictionary``.</doc>
<status status="PASS" starttime="20240524 18:58:09.393" endtime="20240524 18:58:09.393"/>
</kw>
<kw name="Dictionary Should Contain Key" library="Collections">
<arg>${campo}</arg>
<arg>logradouro</arg>
<doc>Fails if ``key`` is not found from ``dictionary``.</doc>
<status status="PASS" starttime="20240524 18:58:09.393" endtime="20240524 18:58:09.393"/>
</kw>
<kw name="Dictionary Should Contain Value" library="Collections">
<arg>${campo}</arg>
<arg>Rua Manoel Honorato da Costa</arg>
<doc>Fails if ``value`` is not found from ``dictionary``.</doc>
<status status="PASS" starttime="20240524 18:58:09.394" endtime="20240524 18:58:09.394"/>
</kw>
<kw name="Dictionary Should Contain Key" library="Collections">
<arg>${campo}</arg>
<arg>complemento</arg>
<doc>Fails if ``key`` is not found from ``dictionary``.</doc>
<status status="PASS" starttime="20240524 18:58:09.394" endtime="20240524 18:58:09.394"/>
</kw>
<kw name="Dictionary Should Contain Value" library="Collections">
<arg>${campo}</arg>
<arg>${EMPTY}</arg>
<doc>Fails if ``value`` is not found from ``dictionary``.</doc>
<status status="PASS" starttime="20240524 18:58:09.394" endtime="20240524 18:58:09.394"/>
</kw>
<kw name="Dictionary Should Contain Key" library="Collections">
<arg>${campo}</arg>
<arg>bairro</arg>
<doc>Fails if ``key`` is not found from ``dictionary``.</doc>
<status status="PASS" starttime="20240524 18:58:09.394" endtime="20240524 18:58:09.395"/>
</kw>
<kw name="Dictionary Should Contain Value" library="Collections">
<arg>${campo}</arg>
<arg>Vila da Fábrica</arg>
<doc>Fails if ``value`` is not found from ``dictionary``.</doc>
<status status="PASS" starttime="20240524 18:58:09.395" endtime="20240524 18:58:09.395"/>
</kw>
<kw name="Dictionary Should Contain Key" library="Collections">
<arg>${campo}</arg>
<arg>localidade</arg>
<doc>Fails if ``key`` is not found from ``dictionary``.</doc>
<status status="PASS" starttime="20240524 18:58:09.395" endtime="20240524 18:58:09.395"/>
</kw>
<kw name="Dictionary Should Contain Value" library="Collections">
<arg>${campo}</arg>
<arg>Camaragibe</arg>
<doc>Fails if ``value`` is not found from ``dictionary``.</doc>
<status status="PASS" starttime="20240524 18:58:09.395" endtime="20240524 18:58:09.395"/>
</kw>
<kw name="Dictionary Should Contain Key" library="Collections">
<arg>${campo}</arg>
<arg>uf</arg>
<doc>Fails if ``key`` is not found from ``dictionary``.</doc>
<status status="PASS" starttime="20240524 18:58:09.395" endtime="20240524 18:58:09.395"/>
</kw>
<kw name="Dictionary Should Contain Value" library="Collections">
<arg>${campo}</arg>
<arg>PE</arg>
<doc>Fails if ``value`` is not found from ``dictionary``.</doc>
<status status="PASS" starttime="20240524 18:58:09.395" endtime="20240524 18:58:09.396"/>
</kw>
<kw name="Dictionary Should Contain Key" library="Collections">
<arg>${campo}</arg>
<arg>ibge</arg>
<doc>Fails if ``key`` is not found from ``dictionary``.</doc>
<status status="PASS" starttime="20240524 18:58:09.396" endtime="20240524 18:58:09.396"/>
</kw>
<kw name="Dictionary Should Contain Value" library="Collections">
<arg>${campo}</arg>
<arg>2603454</arg>
<doc>Fails if ``value`` is not found from ``dictionary``.</doc>
<status status="PASS" starttime="20240524 18:58:09.396" endtime="20240524 18:58:09.396"/>
</kw>
<kw name="Dictionary Should Contain Key" library="Collections">
<arg>${campo}</arg>
<arg>gia</arg>
<doc>Fails if ``key`` is not found from ``dictionary``.</doc>
<status status="PASS" starttime="20240524 18:58:09.396" endtime="20240524 18:58:09.396"/>
</kw>
<kw name="Dictionary Should Contain Value" library="Collections">
<arg>${campo}</arg>
<arg>${EMPTY}</arg>
<doc>Fails if ``value`` is not found from ``dictionary``.</doc>
<status status="PASS" starttime="20240524 18:58:09.396" endtime="20240524 18:58:09.396"/>
</kw>
<kw name="Dictionary Should Contain Key" library="Collections">
<arg>${campo}</arg>
<arg>ddd</arg>
<doc>Fails if ``key`` is not found from ``dictionary``.</doc>
<status status="PASS" starttime="20240524 18:58:09.396" endtime="20240524 18:58:09.396"/>
</kw>
<kw name="Dictionary Should Contain Value" library="Collections">
<arg>${campo}</arg>
<arg>81</arg>
<doc>Fails if ``value`` is not found from ``dictionary``.</doc>
<status status="PASS" starttime="20240524 18:58:09.396" endtime="20240524 18:58:09.396"/>
</kw>
<kw name="Dictionary Should Contain Key" library="Collections">
<arg>${campo}</arg>
<arg>siafi</arg>
<doc>Fails if ``key`` is not found from ``dictionary``.</doc>
<status status="PASS" starttime="20240524 18:58:09.396" endtime="20240524 18:58:09.396"/>
</kw>
<kw name="Dictionary Should Contain Value" library="Collections">
<arg>${campo}</arg>
<arg>2629</arg>
<doc>Fails if ``value`` is not found from ``dictionary``.</doc>
<status status="PASS" starttime="20240524 18:58:09.396" endtime="20240524 18:58:09.397"/>
</kw>
<kw name="Log" library="BuiltIn">
<arg>${campo}</arg>
<doc>Logs the given message with the given level.</doc>
<msg timestamp="20240524 18:58:09.397" level="INFO">{'cep': '54759-475', 'logradouro': 'Rua Manoel Honorato da Costa', 'complemento': '', 'bairro': 'Vila da Fábrica', 'localidade': 'Camaragibe', 'uf': 'PE', 'ibge': '2603454', 'gia': '', 'ddd': '81', 'siafi': '2629'}</msg>
<status status="PASS" starttime="20240524 18:58:09.397" endtime="20240524 18:58:09.397"/>
</kw>
<status status="PASS" starttime="20240524 18:58:09.391" endtime="20240524 18:58:09.397"/>
</kw>
<status status="PASS" starttime="20240524 18:58:09.082" endtime="20240524 18:58:09.397"/>
</test>
<test id="s1-t2" name="Realizando um GET no VIACEP com dados em branco" line="16">
<kw name="Quando consultar o CEP" library="get_cep">
<arg>${EMPTY}</arg>
<kw name="Get in" library="services">
<var>${RESPOSTA}</var>
<arg>${CEP}</arg>
<kw name="GET" library="RequestsLibrary">
<var>${response}</var>
<arg>${base_url}${CEP}/json/</arg>
<arg>expected_status=any</arg>
<doc>Sends a GET request.</doc>
<msg timestamp="20240524 18:58:09.670" level="INFO">GET Request : url=https://viacep.com.br/ws//json/ 
 path_url=/ws//json/ 
 headers={'User-Agent': 'python-requests/2.32.2', 'Accept-Encoding': 'gzip, deflate', 'Accept': '*/*', 'Connection': 'keep-alive'} 
 body=None 
 </msg>
<msg timestamp="20240524 18:58:09.670" level="INFO">GET Response : url=https://viacep.com.br/ws//json/ 
 status=400, reason=Bad Request 
 headers={'Server': 'nginx/1.22.0', 'Date': 'Fri, 24 May 2024 21:58:09 GMT', 'Content-Type': 'text/html; charset=utf-8', 'Content-Length': '494', 'Connection': 'close', 'ETag': '"6242f812-1ee"', 'Strict-Transport-Security': 'max-age=63072000'} 
 body=&lt;!DOCTYPE HTML&gt;
&lt;html lang="pt-br"&gt;

&lt;head&gt;
  &lt;title&gt;ViaCEP 400&lt;/title&gt;
  &lt;meta charset="utf-8" /&gt;
  &lt;style type="text/css"&gt;
      h1 {
          color: #555;
          text-align: center;
          font-size: 4em;
      }
      h2, h3 {
          color: #666;
          text-align: center;
          font-size: 3em;
      }
      h3 {
          font-size: 1.5em;
      }
  &lt;/style&gt;
&lt;/head&gt;

&lt;body&gt;
    &lt;h1&gt;Http 400&lt;/h1&gt;
    &lt;h3&gt;Verifique a URL&lt;/h3&gt;
    &lt;h3&gt;{Bad Request}&lt;/h3&gt;
&lt;/body&gt;

&lt;/html&gt;
 
 </msg>
<msg timestamp="20240524 18:58:09.670" level="INFO">${response} = &lt;Response [400]&gt;</msg>
<status status="PASS" starttime="20240524 18:58:09.400" endtime="20240524 18:58:09.670"/>
</kw>
<msg timestamp="20240524 18:58:09.670" level="INFO">${RESPOSTA} = &lt;Response [400]&gt;</msg>
<status status="PASS" starttime="20240524 18:58:09.400" endtime="20240524 18:58:09.670"/>
</kw>
<kw name="Set Global Variable" library="BuiltIn">
<arg>${RESPOSTA}</arg>
<doc>Makes a variable available globally in all tests and suites.</doc>
<msg timestamp="20240524 18:58:09.671" level="INFO">${RESPOSTA} = &lt;Response [400]&gt;</msg>
<status status="PASS" starttime="20240524 18:58:09.671" endtime="20240524 18:58:09.671"/>
</kw>
<kw name="Log" library="BuiltIn">
<arg>${RESPOSTA}</arg>
<doc>Logs the given message with the given level.</doc>
<msg timestamp="20240524 18:58:09.671" level="INFO">&lt;Response [400]&gt;</msg>
<status status="PASS" starttime="20240524 18:58:09.671" endtime="20240524 18:58:09.671"/>
</kw>
<status status="PASS" starttime="20240524 18:58:09.400" endtime="20240524 18:58:09.671"/>
</kw>
<kw name="Então ira visuazilar o Status Code" library="get_cep">
<arg>400</arg>
<kw name="Should Be Equal As Strings" library="BuiltIn">
<arg>${RESPOSTA.status_code}</arg>
<arg>${statusCode}</arg>
<doc>Fails if objects are unequal after converting them to strings.</doc>
<msg timestamp="20240524 18:58:09.672" level="INFO">Argument types are:
&lt;class 'int'&gt;
&lt;class 'str'&gt;</msg>
<status status="PASS" starttime="20240524 18:58:09.672" endtime="20240524 18:58:09.672"/>
</kw>
<kw name="Log" library="BuiltIn">
<arg>${statusCode}</arg>
<doc>Logs the given message with the given level.</doc>
<msg timestamp="20240524 18:58:09.672" level="INFO">400</msg>
<status status="PASS" starttime="20240524 18:58:09.672" endtime="20240524 18:58:09.672"/>
</kw>
<status status="PASS" starttime="20240524 18:58:09.671" endtime="20240524 18:58:09.672"/>
</kw>
<kw name="E validara o Reason com valor" library="get_cep">
<arg>Bad Request</arg>
<kw name="Should Be Equal As Strings" library="BuiltIn">
<arg>${RESPOSTA.reason}</arg>
<arg>${reason}</arg>
<doc>Fails if objects are unequal after converting them to strings.</doc>
<status status="PASS" starttime="20240524 18:58:09.674" endtime="20240524 18:58:09.674"/>
</kw>
<kw name="Log" library="BuiltIn">
<arg>${reason}</arg>
<doc>Logs the given message with the given level.</doc>
<msg timestamp="20240524 18:58:09.675" level="INFO">Bad Request</msg>
<status status="PASS" starttime="20240524 18:58:09.674" endtime="20240524 18:58:09.675"/>
</kw>
<status status="PASS" starttime="20240524 18:58:09.672" endtime="20240524 18:58:09.675"/>
</kw>
<status status="PASS" starttime="20240524 18:58:09.398" endtime="20240524 18:58:09.675"/>
</test>
<test id="s1-t3" name="Realizando um GET no VIACEP com CEP inexistente" line="21">
<kw name="Quando consultar o CEP" library="get_cep">
<arg>99999999</arg>
<kw name="Get in" library="services">
<var>${RESPOSTA}</var>
<arg>${CEP}</arg>
<kw name="GET" library="RequestsLibrary">
<var>${response}</var>
<arg>${base_url}${CEP}/json/</arg>
<arg>expected_status=any</arg>
<doc>Sends a GET request.</doc>
<msg timestamp="20240524 18:58:09.937" level="INFO">GET Request : url=https://viacep.com.br/ws/99999999/json/ 
 path_url=/ws/99999999/json/ 
 headers={'User-Agent': 'python-requests/2.32.2', 'Accept-Encoding': 'gzip, deflate', 'Accept': '*/*', 'Connection': 'keep-alive'} 
 body=None 
 </msg>
<msg timestamp="20240524 18:58:09.937" level="INFO">GET Response : url=https://viacep.com.br/ws/99999999/json/ 
 status=200, reason=OK 
 headers={'Server': 'nginx/1.22.0', 'Date': 'Fri, 24 May 2024 21:58:10 GMT', 'Content-Type': 'application/json; charset=utf-8', 'Transfer-Encoding': 'chunked', 'Connection': 'keep-alive', 'Expires': 'Fri, 24 May 2024 22:58:10 GMT', 'Cache-Control': 'max-age=3600, public', 'Pragma': 'public', 'Access-Control-Allow-Origin': '*', 'Access-Control-Allow-Methods': 'GET', 'Access-Control-Allow-Headers': 'Content-Type, X-Request-With, X-Requested-By', 'Access-Control-Allow-Credentials': 'true', 'Access-Control-Max-Age': '86400'} 
 body={
  "erro": true
} 
 </msg>
<msg timestamp="20240524 18:58:09.937" level="INFO">${response} = &lt;Response [200]&gt;</msg>
<status status="PASS" starttime="20240524 18:58:09.676" endtime="20240524 18:58:09.937"/>
</kw>
<msg timestamp="20240524 18:58:09.937" level="INFO">${RESPOSTA} = &lt;Response [200]&gt;</msg>
<status status="PASS" starttime="20240524 18:58:09.676" endtime="20240524 18:58:09.937"/>
</kw>
<kw name="Set Global Variable" library="BuiltIn">
<arg>${RESPOSTA}</arg>
<doc>Makes a variable available globally in all tests and suites.</doc>
<msg timestamp="20240524 18:58:09.938" level="INFO">${RESPOSTA} = &lt;Response [200]&gt;</msg>
<status status="PASS" starttime="20240524 18:58:09.937" endtime="20240524 18:58:09.938"/>
</kw>
<kw name="Log" library="BuiltIn">
<arg>${RESPOSTA}</arg>
<doc>Logs the given message with the given level.</doc>
<msg timestamp="20240524 18:58:09.938" level="INFO">&lt;Response [200]&gt;</msg>
<status status="PASS" starttime="20240524 18:58:09.938" endtime="20240524 18:58:09.938"/>
</kw>
<status status="PASS" starttime="20240524 18:58:09.676" endtime="20240524 18:58:09.938"/>
</kw>
<kw name="Então ira visuazilar o Status Code" library="get_cep">
<arg>200</arg>
<kw name="Should Be Equal As Strings" library="BuiltIn">
<arg>${RESPOSTA.status_code}</arg>
<arg>${statusCode}</arg>
<doc>Fails if objects are unequal after converting them to strings.</doc>
<msg timestamp="20240524 18:58:09.939" level="INFO">Argument types are:
&lt;class 'int'&gt;
&lt;class 'str'&gt;</msg>
<status status="PASS" starttime="20240524 18:58:09.939" endtime="20240524 18:58:09.939"/>
</kw>
<kw name="Log" library="BuiltIn">
<arg>${statusCode}</arg>
<doc>Logs the given message with the given level.</doc>
<msg timestamp="20240524 18:58:09.940" level="INFO">200</msg>
<status status="PASS" starttime="20240524 18:58:09.939" endtime="20240524 18:58:09.940"/>
</kw>
<status status="PASS" starttime="20240524 18:58:09.938" endtime="20240524 18:58:09.940"/>
</kw>
<kw name="E validara o Reason com valor" library="get_cep">
<arg>OK</arg>
<kw name="Should Be Equal As Strings" library="BuiltIn">
<arg>${RESPOSTA.reason}</arg>
<arg>${reason}</arg>
<doc>Fails if objects are unequal after converting them to strings.</doc>
<status status="PASS" starttime="20240524 18:58:09.940" endtime="20240524 18:58:09.940"/>
</kw>
<kw name="Log" library="BuiltIn">
<arg>${reason}</arg>
<doc>Logs the given message with the given level.</doc>
<msg timestamp="20240524 18:58:09.940" level="INFO">OK</msg>
<status status="PASS" starttime="20240524 18:58:09.940" endtime="20240524 18:58:09.941"/>
</kw>
<status status="PASS" starttime="20240524 18:58:09.940" endtime="20240524 18:58:09.941"/>
</kw>
<kw name="E validara a mensagem de erro para o CEP inexistente" library="get_cep">
<arg>True</arg>
<kw name="Set Global Variable" library="BuiltIn">
<arg>${campoErro}</arg>
<arg>${RESPOSTA.json()}[erro]</arg>
<doc>Makes a variable available globally in all tests and suites.</doc>
<msg timestamp="20240524 18:58:09.942" level="INFO">${campoErro} = True</msg>
<status status="PASS" starttime="20240524 18:58:09.941" endtime="20240524 18:58:09.942"/>
</kw>
<kw name="Should Be Equal As Strings" library="BuiltIn">
<arg>${campoErro}</arg>
<arg>${mensagem}</arg>
<doc>Fails if objects are unequal after converting them to strings.</doc>
<msg timestamp="20240524 18:58:09.942" level="INFO">Argument types are:
&lt;class 'bool'&gt;
&lt;class 'str'&gt;</msg>
<status status="PASS" starttime="20240524 18:58:09.942" endtime="20240524 18:58:09.942"/>
</kw>
<kw name="Log" library="BuiltIn">
<arg>${mensagem}</arg>
<doc>Logs the given message with the given level.</doc>
<msg timestamp="20240524 18:58:09.942" level="INFO">True</msg>
<status status="PASS" starttime="20240524 18:58:09.942" endtime="20240524 18:58:09.942"/>
</kw>
<status status="PASS" starttime="20240524 18:58:09.941" endtime="20240524 18:58:09.942"/>
</kw>
<status status="PASS" starttime="20240524 18:58:09.675" endtime="20240524 18:58:09.942"/>
</test>
<test id="s1-t4" name="Realizando um GET no VIACEP com 9 digitos" line="27">
<kw name="Quando consultar o CEP" library="get_cep">
<arg>999999999</arg>
<kw name="Get in" library="services">
<var>${RESPOSTA}</var>
<arg>${CEP}</arg>
<kw name="GET" library="RequestsLibrary">
<var>${response}</var>
<arg>${base_url}${CEP}/json/</arg>
<arg>expected_status=any</arg>
<doc>Sends a GET request.</doc>
<msg timestamp="20240524 18:58:10.229" level="INFO">GET Request : url=https://viacep.com.br/ws/999999999/json/ 
 path_url=/ws/999999999/json/ 
 headers={'User-Agent': 'python-requests/2.32.2', 'Accept-Encoding': 'gzip, deflate', 'Accept': '*/*', 'Connection': 'keep-alive'} 
 body=None 
 </msg>
<msg timestamp="20240524 18:58:10.230" level="INFO">GET Response : url=https://viacep.com.br/ws/999999999/json/ 
 status=400, reason=Bad Request 
 headers={'Server': 'nginx/1.22.0', 'Date': 'Fri, 24 May 2024 21:58:10 GMT', 'Content-Type': 'text/html; charset=utf-8', 'Content-Length': '494', 'Connection': 'close', 'ETag': '"6242f812-1ee"', 'Strict-Transport-Security': 'max-age=63072000'} 
 body=&lt;!DOCTYPE HTML&gt;
&lt;html lang="pt-br"&gt;

&lt;head&gt;
  &lt;title&gt;ViaCEP 400&lt;/title&gt;
  &lt;meta charset="utf-8" /&gt;
  &lt;style type="text/css"&gt;
      h1 {
          color: #555;
          text-align: center;
          font-size: 4em;
      }
      h2, h3 {
          color: #666;
          text-align: center;
          font-size: 3em;
      }
      h3 {
          font-size: 1.5em;
      }
  &lt;/style&gt;
&lt;/head&gt;

&lt;body&gt;
    &lt;h1&gt;Http 400&lt;/h1&gt;
    &lt;h3&gt;Verifique a URL&lt;/h3&gt;
    &lt;h3&gt;{Bad Request}&lt;/h3&gt;
&lt;/body&gt;

&lt;/html&gt;
 
 </msg>
<msg timestamp="20240524 18:58:10.230" level="INFO">${response} = &lt;Response [400]&gt;</msg>
<status status="PASS" starttime="20240524 18:58:09.944" endtime="20240524 18:58:10.230"/>
</kw>
<msg timestamp="20240524 18:58:10.230" level="INFO">${RESPOSTA} = &lt;Response [400]&gt;</msg>
<status status="PASS" starttime="20240524 18:58:09.943" endtime="20240524 18:58:10.230"/>
</kw>
<kw name="Set Global Variable" library="BuiltIn">
<arg>${RESPOSTA}</arg>
<doc>Makes a variable available globally in all tests and suites.</doc>
<msg timestamp="20240524 18:58:10.230" level="INFO">${RESPOSTA} = &lt;Response [400]&gt;</msg>
<status status="PASS" starttime="20240524 18:58:10.230" endtime="20240524 18:58:10.230"/>
</kw>
<kw name="Log" library="BuiltIn">
<arg>${RESPOSTA}</arg>
<doc>Logs the given message with the given level.</doc>
<msg timestamp="20240524 18:58:10.231" level="INFO">&lt;Response [400]&gt;</msg>
<status status="PASS" starttime="20240524 18:58:10.230" endtime="20240524 18:58:10.231"/>
</kw>
<status status="PASS" starttime="20240524 18:58:09.943" endtime="20240524 18:58:10.231"/>
</kw>
<kw name="Então ira visuazilar o Status Code" library="get_cep">
<arg>400</arg>
<kw name="Should Be Equal As Strings" library="BuiltIn">
<arg>${RESPOSTA.status_code}</arg>
<arg>${statusCode}</arg>
<doc>Fails if objects are unequal after converting them to strings.</doc>
<msg timestamp="20240524 18:58:10.231" level="INFO">Argument types are:
&lt;class 'int'&gt;
&lt;class 'str'&gt;</msg>
<status status="PASS" starttime="20240524 18:58:10.231" endtime="20240524 18:58:10.232"/>
</kw>
<kw name="Log" library="BuiltIn">
<arg>${statusCode}</arg>
<doc>Logs the given message with the given level.</doc>
<msg timestamp="20240524 18:58:10.232" level="INFO">400</msg>
<status status="PASS" starttime="20240524 18:58:10.232" endtime="20240524 18:58:10.232"/>
</kw>
<status status="PASS" starttime="20240524 18:58:10.231" endtime="20240524 18:58:10.232"/>
</kw>
<kw name="E validara o Reason com valor" library="get_cep">
<arg>Bad Request</arg>
<kw name="Should Be Equal As Strings" library="BuiltIn">
<arg>${RESPOSTA.reason}</arg>
<arg>${reason}</arg>
<doc>Fails if objects are unequal after converting them to strings.</doc>
<status status="PASS" starttime="20240524 18:58:10.232" endtime="20240524 18:58:10.232"/>
</kw>
<kw name="Log" library="BuiltIn">
<arg>${reason}</arg>
<doc>Logs the given message with the given level.</doc>
<msg timestamp="20240524 18:58:10.233" level="INFO">Bad Request</msg>
<status status="PASS" starttime="20240524 18:58:10.233" endtime="20240524 18:58:10.233"/>
</kw>
<status status="PASS" starttime="20240524 18:58:10.232" endtime="20240524 18:58:10.233"/>
</kw>
<status status="PASS" starttime="20240524 18:58:09.943" endtime="20240524 18:58:10.233"/>
</test>
<test id="s1-t5" name="Realizando um GET no VIACEP com 7 digitos" line="32">
<kw name="Quando consultar o CEP" library="get_cep">
<arg>1234567</arg>
<kw name="Get in" library="services">
<var>${RESPOSTA}</var>
<arg>${CEP}</arg>
<kw name="GET" library="RequestsLibrary">
<var>${response}</var>
<arg>${base_url}${CEP}/json/</arg>
<arg>expected_status=any</arg>
<doc>Sends a GET request.</doc>
<msg timestamp="20240524 18:58:10.501" level="INFO">GET Request : url=https://viacep.com.br/ws/1234567/json/ 
 path_url=/ws/1234567/json/ 
 headers={'User-Agent': 'python-requests/2.32.2', 'Accept-Encoding': 'gzip, deflate', 'Accept': '*/*', 'Connection': 'keep-alive'} 
 body=None 
 </msg>
<msg timestamp="20240524 18:58:10.501" level="INFO">GET Response : url=https://viacep.com.br/ws/1234567/json/ 
 status=400, reason=Bad Request 
 headers={'Server': 'nginx/1.22.0', 'Date': 'Fri, 24 May 2024 21:58:10 GMT', 'Content-Type': 'text/html; charset=utf-8', 'Content-Length': '494', 'Connection': 'close', 'ETag': '"6242f812-1ee"', 'Strict-Transport-Security': 'max-age=63072000'} 
 body=&lt;!DOCTYPE HTML&gt;
&lt;html lang="pt-br"&gt;

&lt;head&gt;
  &lt;title&gt;ViaCEP 400&lt;/title&gt;
  &lt;meta charset="utf-8" /&gt;
  &lt;style type="text/css"&gt;
      h1 {
          color: #555;
          text-align: center;
          font-size: 4em;
      }
      h2, h3 {
          color: #666;
          text-align: center;
          font-size: 3em;
      }
      h3 {
          font-size: 1.5em;
      }
  &lt;/style&gt;
&lt;/head&gt;

&lt;body&gt;
    &lt;h1&gt;Http 400&lt;/h1&gt;
    &lt;h3&gt;Verifique a URL&lt;/h3&gt;
    &lt;h3&gt;{Bad Request}&lt;/h3&gt;
&lt;/body&gt;

&lt;/html&gt;
 
 </msg>
<msg timestamp="20240524 18:58:10.501" level="INFO">${response} = &lt;Response [400]&gt;</msg>
<status status="PASS" starttime="20240524 18:58:10.234" endtime="20240524 18:58:10.502"/>
</kw>
<msg timestamp="20240524 18:58:10.502" level="INFO">${RESPOSTA} = &lt;Response [400]&gt;</msg>
<status status="PASS" starttime="20240524 18:58:10.234" endtime="20240524 18:58:10.502"/>
</kw>
<kw name="Set Global Variable" library="BuiltIn">
<arg>${RESPOSTA}</arg>
<doc>Makes a variable available globally in all tests and suites.</doc>
<msg timestamp="20240524 18:58:10.502" level="INFO">${RESPOSTA} = &lt;Response [400]&gt;</msg>
<status status="PASS" starttime="20240524 18:58:10.502" endtime="20240524 18:58:10.502"/>
</kw>
<kw name="Log" library="BuiltIn">
<arg>${RESPOSTA}</arg>
<doc>Logs the given message with the given level.</doc>
<msg timestamp="20240524 18:58:10.503" level="INFO">&lt;Response [400]&gt;</msg>
<status status="PASS" starttime="20240524 18:58:10.503" endtime="20240524 18:58:10.503"/>
</kw>
<status status="PASS" starttime="20240524 18:58:10.234" endtime="20240524 18:58:10.503"/>
</kw>
<kw name="Então ira visuazilar o Status Code" library="get_cep">
<arg>400</arg>
<kw name="Should Be Equal As Strings" library="BuiltIn">
<arg>${RESPOSTA.status_code}</arg>
<arg>${statusCode}</arg>
<doc>Fails if objects are unequal after converting them to strings.</doc>
<msg timestamp="20240524 18:58:10.504" level="INFO">Argument types are:
&lt;class 'int'&gt;
&lt;class 'str'&gt;</msg>
<status status="PASS" starttime="20240524 18:58:10.503" endtime="20240524 18:58:10.504"/>
</kw>
<kw name="Log" library="BuiltIn">
<arg>${statusCode}</arg>
<doc>Logs the given message with the given level.</doc>
<msg timestamp="20240524 18:58:10.504" level="INFO">400</msg>
<status status="PASS" starttime="20240524 18:58:10.504" endtime="20240524 18:58:10.504"/>
</kw>
<status status="PASS" starttime="20240524 18:58:10.503" endtime="20240524 18:58:10.504"/>
</kw>
<kw name="E validara o Reason com valor" library="get_cep">
<arg>Bad Request</arg>
<kw name="Should Be Equal As Strings" library="BuiltIn">
<arg>${RESPOSTA.reason}</arg>
<arg>${reason}</arg>
<doc>Fails if objects are unequal after converting them to strings.</doc>
<status status="PASS" starttime="20240524 18:58:10.504" endtime="20240524 18:58:10.505"/>
</kw>
<kw name="Log" library="BuiltIn">
<arg>${reason}</arg>
<doc>Logs the given message with the given level.</doc>
<msg timestamp="20240524 18:58:10.505" level="INFO">Bad Request</msg>
<status status="PASS" starttime="20240524 18:58:10.505" endtime="20240524 18:58:10.505"/>
</kw>
<status status="PASS" starttime="20240524 18:58:10.504" endtime="20240524 18:58:10.505"/>
</kw>
<status status="PASS" starttime="20240524 18:58:10.233" endtime="20240524 18:58:10.505"/>
</test>
<test id="s1-t6" name="Realizando um GET no VIACEP com alfanumericos" line="37">
<kw name="Quando consultar o CEP" library="get_cep">
<arg>ABCDE475</arg>
<kw name="Get in" library="services">
<var>${RESPOSTA}</var>
<arg>${CEP}</arg>
<kw name="GET" library="RequestsLibrary">
<var>${response}</var>
<arg>${base_url}${CEP}/json/</arg>
<arg>expected_status=any</arg>
<doc>Sends a GET request.</doc>
<msg timestamp="20240524 18:58:10.781" level="INFO">GET Request : url=https://viacep.com.br/ws/ABCDE475/json/ 
 path_url=/ws/ABCDE475/json/ 
 headers={'User-Agent': 'python-requests/2.32.2', 'Accept-Encoding': 'gzip, deflate', 'Accept': '*/*', 'Connection': 'keep-alive'} 
 body=None 
 </msg>
<msg timestamp="20240524 18:58:10.781" level="INFO">GET Response : url=https://viacep.com.br/ws/ABCDE475/json/ 
 status=400, reason=Bad Request 
 headers={'Server': 'nginx/1.22.0', 'Date': 'Fri, 24 May 2024 21:58:10 GMT', 'Content-Type': 'text/html; charset=utf-8', 'Content-Length': '494', 'Connection': 'close', 'ETag': '"6242f812-1ee"', 'Strict-Transport-Security': 'max-age=63072000'} 
 body=&lt;!DOCTYPE HTML&gt;
&lt;html lang="pt-br"&gt;

&lt;head&gt;
  &lt;title&gt;ViaCEP 400&lt;/title&gt;
  &lt;meta charset="utf-8" /&gt;
  &lt;style type="text/css"&gt;
      h1 {
          color: #555;
          text-align: center;
          font-size: 4em;
      }
      h2, h3 {
          color: #666;
          text-align: center;
          font-size: 3em;
      }
      h3 {
          font-size: 1.5em;
      }
  &lt;/style&gt;
&lt;/head&gt;

&lt;body&gt;
    &lt;h1&gt;Http 400&lt;/h1&gt;
    &lt;h3&gt;Verifique a URL&lt;/h3&gt;
    &lt;h3&gt;{Bad Request}&lt;/h3&gt;
&lt;/body&gt;

&lt;/html&gt;
 
 </msg>
<msg timestamp="20240524 18:58:10.781" level="INFO">${response} = &lt;Response [400]&gt;</msg>
<status status="PASS" starttime="20240524 18:58:10.507" endtime="20240524 18:58:10.781"/>
</kw>
<msg timestamp="20240524 18:58:10.781" level="INFO">${RESPOSTA} = &lt;Response [400]&gt;</msg>
<status status="PASS" starttime="20240524 18:58:10.507" endtime="20240524 18:58:10.781"/>
</kw>
<kw name="Set Global Variable" library="BuiltIn">
<arg>${RESPOSTA}</arg>
<doc>Makes a variable available globally in all tests and suites.</doc>
<msg timestamp="20240524 18:58:10.781" level="INFO">${RESPOSTA} = &lt;Response [400]&gt;</msg>
<status status="PASS" starttime="20240524 18:58:10.781" endtime="20240524 18:58:10.781"/>
</kw>
<kw name="Log" library="BuiltIn">
<arg>${RESPOSTA}</arg>
<doc>Logs the given message with the given level.</doc>
<msg timestamp="20240524 18:58:10.783" level="INFO">&lt;Response [400]&gt;</msg>
<status status="PASS" starttime="20240524 18:58:10.781" endtime="20240524 18:58:10.783"/>
</kw>
<status status="PASS" starttime="20240524 18:58:10.507" endtime="20240524 18:58:10.783"/>
</kw>
<kw name="Então ira visuazilar o Status Code" library="get_cep">
<arg>400</arg>
<kw name="Should Be Equal As Strings" library="BuiltIn">
<arg>${RESPOSTA.status_code}</arg>
<arg>${statusCode}</arg>
<doc>Fails if objects are unequal after converting them to strings.</doc>
<msg timestamp="20240524 18:58:10.785" level="INFO">Argument types are:
&lt;class 'int'&gt;
&lt;class 'str'&gt;</msg>
<status status="PASS" starttime="20240524 18:58:10.784" endtime="20240524 18:58:10.785"/>
</kw>
<kw name="Log" library="BuiltIn">
<arg>${statusCode}</arg>
<doc>Logs the given message with the given level.</doc>
<msg timestamp="20240524 18:58:10.785" level="INFO">400</msg>
<status status="PASS" starttime="20240524 18:58:10.785" endtime="20240524 18:58:10.785"/>
</kw>
<status status="PASS" starttime="20240524 18:58:10.784" endtime="20240524 18:58:10.785"/>
</kw>
<kw name="E validara o Reason com valor" library="get_cep">
<arg>Bad Request</arg>
<kw name="Should Be Equal As Strings" library="BuiltIn">
<arg>${RESPOSTA.reason}</arg>
<arg>${reason}</arg>
<doc>Fails if objects are unequal after converting them to strings.</doc>
<status status="PASS" starttime="20240524 18:58:10.786" endtime="20240524 18:58:10.786"/>
</kw>
<kw name="Log" library="BuiltIn">
<arg>${reason}</arg>
<doc>Logs the given message with the given level.</doc>
<msg timestamp="20240524 18:58:10.787" level="INFO">Bad Request</msg>
<status status="PASS" starttime="20240524 18:58:10.786" endtime="20240524 18:58:10.787"/>
</kw>
<status status="PASS" starttime="20240524 18:58:10.786" endtime="20240524 18:58:10.787"/>
</kw>
<status status="PASS" starttime="20240524 18:58:10.506" endtime="20240524 18:58:10.787"/>
</test>
<test id="s1-t7" name="Realizando um GET no VIACEP com espaço entre os digitos" line="42">
<kw name="Quando consultar o CEP" library="get_cep">
<arg>54759 475</arg>
<kw name="Get in" library="services">
<var>${RESPOSTA}</var>
<arg>${CEP}</arg>
<kw name="GET" library="RequestsLibrary">
<var>${response}</var>
<arg>${base_url}${CEP}/json/</arg>
<arg>expected_status=any</arg>
<doc>Sends a GET request.</doc>
<msg timestamp="20240524 18:58:11.066" level="INFO">GET Request : url=https://viacep.com.br/ws/54759%20475/json/ 
 path_url=/ws/54759%20475/json/ 
 headers={'User-Agent': 'python-requests/2.32.2', 'Accept-Encoding': 'gzip, deflate', 'Accept': '*/*', 'Connection': 'keep-alive'} 
 body=None 
 </msg>
<msg timestamp="20240524 18:58:11.066" level="INFO">GET Response : url=https://viacep.com.br/ws/54759%20475/json/ 
 status=400, reason=Bad Request 
 headers={'Server': 'nginx/1.22.0', 'Date': 'Fri, 24 May 2024 21:58:11 GMT', 'Content-Type': 'text/html; charset=utf-8', 'Content-Length': '494', 'Connection': 'close', 'ETag': '"6242f812-1ee"', 'Strict-Transport-Security': 'max-age=63072000'} 
 body=&lt;!DOCTYPE HTML&gt;
&lt;html lang="pt-br"&gt;

&lt;head&gt;
  &lt;title&gt;ViaCEP 400&lt;/title&gt;
  &lt;meta charset="utf-8" /&gt;
  &lt;style type="text/css"&gt;
      h1 {
          color: #555;
          text-align: center;
          font-size: 4em;
      }
      h2, h3 {
          color: #666;
          text-align: center;
          font-size: 3em;
      }
      h3 {
          font-size: 1.5em;
      }
  &lt;/style&gt;
&lt;/head&gt;

&lt;body&gt;
    &lt;h1&gt;Http 400&lt;/h1&gt;
    &lt;h3&gt;Verifique a URL&lt;/h3&gt;
    &lt;h3&gt;{Bad Request}&lt;/h3&gt;
&lt;/body&gt;

&lt;/html&gt;
 
 </msg>
<msg timestamp="20240524 18:58:11.066" level="INFO">${response} = &lt;Response [400]&gt;</msg>
<status status="PASS" starttime="20240524 18:58:10.790" endtime="20240524 18:58:11.066"/>
</kw>
<msg timestamp="20240524 18:58:11.066" level="INFO">${RESPOSTA} = &lt;Response [400]&gt;</msg>
<status status="PASS" starttime="20240524 18:58:10.790" endtime="20240524 18:58:11.066"/>
</kw>
<kw name="Set Global Variable" library="BuiltIn">
<arg>${RESPOSTA}</arg>
<doc>Makes a variable available globally in all tests and suites.</doc>
<msg timestamp="20240524 18:58:11.067" level="INFO">${RESPOSTA} = &lt;Response [400]&gt;</msg>
<status status="PASS" starttime="20240524 18:58:11.066" endtime="20240524 18:58:11.067"/>
</kw>
<kw name="Log" library="BuiltIn">
<arg>${RESPOSTA}</arg>
<doc>Logs the given message with the given level.</doc>
<msg timestamp="20240524 18:58:11.067" level="INFO">&lt;Response [400]&gt;</msg>
<status status="PASS" starttime="20240524 18:58:11.067" endtime="20240524 18:58:11.067"/>
</kw>
<status status="PASS" starttime="20240524 18:58:10.790" endtime="20240524 18:58:11.067"/>
</kw>
<kw name="Então ira visuazilar o Status Code" library="get_cep">
<arg>400</arg>
<kw name="Should Be Equal As Strings" library="BuiltIn">
<arg>${RESPOSTA.status_code}</arg>
<arg>${statusCode}</arg>
<doc>Fails if objects are unequal after converting them to strings.</doc>
<msg timestamp="20240524 18:58:11.068" level="INFO">Argument types are:
&lt;class 'int'&gt;
&lt;class 'str'&gt;</msg>
<status status="PASS" starttime="20240524 18:58:11.068" endtime="20240524 18:58:11.068"/>
</kw>
<kw name="Log" library="BuiltIn">
<arg>${statusCode}</arg>
<doc>Logs the given message with the given level.</doc>
<msg timestamp="20240524 18:58:11.069" level="INFO">400</msg>
<status status="PASS" starttime="20240524 18:58:11.069" endtime="20240524 18:58:11.069"/>
</kw>
<status status="PASS" starttime="20240524 18:58:11.067" endtime="20240524 18:58:11.069"/>
</kw>
<kw name="E validara o Reason com valor" library="get_cep">
<arg>Bad Request</arg>
<kw name="Should Be Equal As Strings" library="BuiltIn">
<arg>${RESPOSTA.reason}</arg>
<arg>${reason}</arg>
<doc>Fails if objects are unequal after converting them to strings.</doc>
<status status="PASS" starttime="20240524 18:58:11.070" endtime="20240524 18:58:11.070"/>
</kw>
<kw name="Log" library="BuiltIn">
<arg>${reason}</arg>
<doc>Logs the given message with the given level.</doc>
<msg timestamp="20240524 18:58:11.070" level="INFO">Bad Request</msg>
<status status="PASS" starttime="20240524 18:58:11.070" endtime="20240524 18:58:11.070"/>
</kw>
<status status="PASS" starttime="20240524 18:58:11.069" endtime="20240524 18:58:11.072"/>
</kw>
<status status="PASS" starttime="20240524 18:58:10.789" endtime="20240524 18:58:11.072"/>
</test>
<test id="s1-t8" name="Realizando um GET no VIACEP com carecteres especiais" line="47">
<kw name="Quando consultar o CEP" library="get_cep">
<arg>54759+-@</arg>
<kw name="Get in" library="services">
<var>${RESPOSTA}</var>
<arg>${CEP}</arg>
<kw name="GET" library="RequestsLibrary">
<var>${response}</var>
<arg>${base_url}${CEP}/json/</arg>
<arg>expected_status=any</arg>
<doc>Sends a GET request.</doc>
<msg timestamp="20240524 18:58:11.368" level="INFO">GET Request : url=https://viacep.com.br/ws/54759+-@/json/ 
 path_url=/ws/54759+-@/json/ 
 headers={'User-Agent': 'python-requests/2.32.2', 'Accept-Encoding': 'gzip, deflate', 'Accept': '*/*', 'Connection': 'keep-alive'} 
 body=None 
 </msg>
<msg timestamp="20240524 18:58:11.368" level="INFO">GET Response : url=https://viacep.com.br/ws/54759+-@/json/ 
 status=400, reason=Bad Request 
 headers={'Server': 'nginx/1.22.0', 'Date': 'Fri, 24 May 2024 21:58:11 GMT', 'Content-Type': 'text/html; charset=utf-8', 'Content-Length': '494', 'Connection': 'close', 'ETag': '"6242f812-1ee"', 'Strict-Transport-Security': 'max-age=63072000'} 
 body=&lt;!DOCTYPE HTML&gt;
&lt;html lang="pt-br"&gt;

&lt;head&gt;
  &lt;title&gt;ViaCEP 400&lt;/title&gt;
  &lt;meta charset="utf-8" /&gt;
  &lt;style type="text/css"&gt;
      h1 {
          color: #555;
          text-align: center;
          font-size: 4em;
      }
      h2, h3 {
          color: #666;
          text-align: center;
          font-size: 3em;
      }
      h3 {
          font-size: 1.5em;
      }
  &lt;/style&gt;
&lt;/head&gt;

&lt;body&gt;
    &lt;h1&gt;Http 400&lt;/h1&gt;
    &lt;h3&gt;Verifique a URL&lt;/h3&gt;
    &lt;h3&gt;{Bad Request}&lt;/h3&gt;
&lt;/body&gt;

&lt;/html&gt;
 
 </msg>
<msg timestamp="20240524 18:58:11.368" level="INFO">${response} = &lt;Response [400]&gt;</msg>
<status status="PASS" starttime="20240524 18:58:11.075" endtime="20240524 18:58:11.368"/>
</kw>
<msg timestamp="20240524 18:58:11.368" level="INFO">${RESPOSTA} = &lt;Response [400]&gt;</msg>
<status status="PASS" starttime="20240524 18:58:11.075" endtime="20240524 18:58:11.368"/>
</kw>
<kw name="Set Global Variable" library="BuiltIn">
<arg>${RESPOSTA}</arg>
<doc>Makes a variable available globally in all tests and suites.</doc>
<msg timestamp="20240524 18:58:11.370" level="INFO">${RESPOSTA} = &lt;Response [400]&gt;</msg>
<status status="PASS" starttime="20240524 18:58:11.368" endtime="20240524 18:58:11.370"/>
</kw>
<kw name="Log" library="BuiltIn">
<arg>${RESPOSTA}</arg>
<doc>Logs the given message with the given level.</doc>
<msg timestamp="20240524 18:58:11.370" level="INFO">&lt;Response [400]&gt;</msg>
<status status="PASS" starttime="20240524 18:58:11.370" endtime="20240524 18:58:11.370"/>
</kw>
<status status="PASS" starttime="20240524 18:58:11.074" endtime="20240524 18:58:11.370"/>
</kw>
<kw name="Então ira visuazilar o Status Code" library="get_cep">
<arg>400</arg>
<kw name="Should Be Equal As Strings" library="BuiltIn">
<arg>${RESPOSTA.status_code}</arg>
<arg>${statusCode}</arg>
<doc>Fails if objects are unequal after converting them to strings.</doc>
<msg timestamp="20240524 18:58:11.372" level="INFO">Argument types are:
&lt;class 'int'&gt;
&lt;class 'str'&gt;</msg>
<status status="PASS" starttime="20240524 18:58:11.371" endtime="20240524 18:58:11.372"/>
</kw>
<kw name="Log" library="BuiltIn">
<arg>${statusCode}</arg>
<doc>Logs the given message with the given level.</doc>
<msg timestamp="20240524 18:58:11.372" level="INFO">400</msg>
<status status="PASS" starttime="20240524 18:58:11.372" endtime="20240524 18:58:11.372"/>
</kw>
<status status="PASS" starttime="20240524 18:58:11.371" endtime="20240524 18:58:11.372"/>
</kw>
<kw name="E validara o Reason com valor" library="get_cep">
<arg>Bad Request</arg>
<kw name="Should Be Equal As Strings" library="BuiltIn">
<arg>${RESPOSTA.reason}</arg>
<arg>${reason}</arg>
<doc>Fails if objects are unequal after converting them to strings.</doc>
<status status="PASS" starttime="20240524 18:58:11.374" endtime="20240524 18:58:11.375"/>
</kw>
<kw name="Log" library="BuiltIn">
<arg>${reason}</arg>
<doc>Logs the given message with the given level.</doc>
<msg timestamp="20240524 18:58:11.375" level="INFO">Bad Request</msg>
<status status="PASS" starttime="20240524 18:58:11.375" endtime="20240524 18:58:11.375"/>
</kw>
<status status="PASS" starttime="20240524 18:58:11.374" endtime="20240524 18:58:11.375"/>
</kw>
<status status="PASS" starttime="20240524 18:58:11.074" endtime="20240524 18:58:11.376"/>
</test>
<doc>Documentacao da API: VIACEP</doc>
<status status="PASS" starttime="20240524 18:58:08.391" endtime="20240524 18:58:11.378"/>
</suite>
<statistics>
<total>
<stat pass="8" fail="0" skip="0">All Tests</stat>
</total>
<tag>
</tag>
<suite>
<stat pass="8" fail="0" skip="0" id="s1" name="Get Cep">Get Cep</stat>
</suite>
</statistics>
<errors>
</errors>
</robot>
